<testsuite errors="1" failures="0" hostname="F680V9.0" name="order_history_detail.Order History Details" skipped="0" tests="1" time="17.99913" timestamp="2023-05-10T20:22:33.050467"><testcase classname="order_history_detail.Order History Details" name="Order History Details" status="failed" time="17.99913"><error message="Message: no such element: Unable to locate element: {&quot;method&quot;:&quot;xpath&quot;,&quot;selector&quot;:&quot;//table[@id='order-list']/tbody/tr/td/span&quot;}&#10;  (Session info: chrome=112.0.5615.49)&#10;" type="NoSuchElementException">
<![CDATA[
Failing step: When i select an iten in the list and click on it datails ... failed in 10.017s
Location: order_history_detail.feature:14
Traceback (most recent call last):
  File "/home/abarroso/.local/lib/python3.6/site-packages/behave/model.py", line 1329, in run
    match.run(runner.context)
  File "/home/abarroso/.local/lib/python3.6/site-packages/behave/matchers.py", line 98, in run
    self.func(context, *args, **kwargs)
  File "steps/order_history_detail.py", line 3, in step_impl
    context.browser.find_element_by_xpath("//table[@id='order-list']/tbody/tr/td/span").click()
  File "/home/abarroso/.local/lib/python3.6/site-packages/selenium/webdriver/remote/webdriver.py", line 394, in find_element_by_xpath
    return self.find_element(by=By.XPATH, value=xpath)
  File "/home/abarroso/.local/lib/python3.6/site-packages/selenium/webdriver/remote/webdriver.py", line 978, in find_element
    'value': value})['value']
  File "/home/abarroso/.local/lib/python3.6/site-packages/selenium/webdriver/remote/webdriver.py", line 321, in execute
    self.error_handler.check_response(response)
  File "/home/abarroso/.local/lib/python3.6/site-packages/selenium/webdriver/remote/errorhandler.py", line 242, in check_response
    raise exception_class(message, screen, stacktrace)
selenium.common.exceptions.NoSuchElementException: Message: no such element: Unable to locate element: {"method":"xpath","selector":"//table[@id='order-list']/tbody/tr/td/span"}
  (Session info: chrome=112.0.5615.49)

]]>
</error><system-out>
<![CDATA[
@scenario.begin
  Scenario: Order History Details
    Given web address "http://automationpractice.pl/index.php" ... passed in 4.241s
    Given login name "allan.barroso@outlook.com" and password newstar1541 ... passed in 1.228s
    When i press the sing in button ... passed in 0.932s
    When i navigate to my account page ... passed in 0.411s
    When i navigate to my order history ... passed in 1.170s
    When i select an iten in the list and click on it datails ... failed in 10.017s
    Then i should be able to see the details about the item selected ... skipped in 0.000s

@scenario.end
--------------------------------------------------------------------------------
]]>
</system-out></testcase></testsuite>