<testsuite errors="1" failures="0" hostname="F680V9.0" name="wishlist_iten_add.Wishlist" skipped="0" tests="1" time="18.280217" timestamp="2023-05-10T20:24:49.777686"><testcase classname="wishlist_iten_add.Wishlist" name="Wishlist add iten" status="failed" time="18.280217"><error message="Message: element not interactable&#10;  (Session info: chrome=112.0.5615.49)&#10;" type="ElementNotInteractableException">
<![CDATA[
Failing step: When i select a dress and add it to wishlist ... failed in 10.039s
Location: wishlist_iten_add.feature:11
Traceback (most recent call last):
  File "/home/abarroso/.local/lib/python3.6/site-packages/behave/model.py", line 1329, in run
    match.run(runner.context)
  File "/home/abarroso/.local/lib/python3.6/site-packages/behave/matchers.py", line 98, in run
    self.func(context, *args, **kwargs)
  File "steps/wishlist_iten_add.py", line 8, in step_impl
    context.browser.find_element_by_xpath("//div[@id='center_column']/ul/li/div/div[2]/div[2]/a[2]/span").click()
  File "/home/abarroso/.local/lib/python3.6/site-packages/selenium/webdriver/remote/webelement.py", line 80, in click
    self._execute(Command.CLICK_ELEMENT)
  File "/home/abarroso/.local/lib/python3.6/site-packages/selenium/webdriver/remote/webelement.py", line 633, in _execute
    return self._parent.execute(command, params)
  File "/home/abarroso/.local/lib/python3.6/site-packages/selenium/webdriver/remote/webdriver.py", line 321, in execute
    self.error_handler.check_response(response)
  File "/home/abarroso/.local/lib/python3.6/site-packages/selenium/webdriver/remote/errorhandler.py", line 242, in check_response
    raise exception_class(message, screen, stacktrace)
selenium.common.exceptions.ElementNotInteractableException: Message: element not interactable
  (Session info: chrome=112.0.5615.49)

]]>
</error><system-out>
<![CDATA[
@scenario.begin
  Scenario: Wishlist add iten
    Given web address "http://automationpractice.pl/index.php" ... passed in 4.203s
    Given login name "allan.barroso@outlook.com" and password newstar1541 ... passed in 1.249s
    When i press the sing in button ... passed in 0.992s
    When i navigate to dress session ... passed in 1.798s
    When i select a dress and add it to wishlist ... failed in 10.039s
    When i select a second dress and add it to wishlist ... skipped in 0.000s
    When i navigate to the wishlist ... skipped in 0.000s
    Then the itens should be in the wishlist ... skipped in 0.000s

@scenario.end
--------------------------------------------------------------------------------
]]>
</system-out></testcase></testsuite>