<testsuite errors="1" failures="0" hostname="F680V9.0" name="order_history.Order History" skipped="0" tests="1" time="18.002332" timestamp="2023-05-10T20:21:57.478006"><testcase classname="order_history.Order History" name="Order History" status="failed" time="18.002332"><error message="Message: no such element: Unable to locate element: {&quot;method&quot;:&quot;xpath&quot;,&quot;selector&quot;:&quot;//div[@id='center_column']/h1&quot;}&#10;  (Session info: chrome=112.0.5615.49)&#10;" type="NoSuchElementException">
<![CDATA[
Failing step: Then i should be able to see my order history page ... failed in 10.024s
Location: order_history.feature:13
Traceback (most recent call last):
  File "/home/abarroso/.local/lib/python3.6/site-packages/behave/model.py", line 1329, in run
    match.run(runner.context)
  File "/home/abarroso/.local/lib/python3.6/site-packages/behave/matchers.py", line 98, in run
    self.func(context, *args, **kwargs)
  File "steps/order_history.py", line 9, in step_impl
    pagename=context.browser.find_element_by_xpath("//div[@id='center_column']/h1").text
  File "/home/abarroso/.local/lib/python3.6/site-packages/selenium/webdriver/remote/webdriver.py", line 394, in find_element_by_xpath
    return self.find_element(by=By.XPATH, value=xpath)
  File "/home/abarroso/.local/lib/python3.6/site-packages/selenium/webdriver/remote/webdriver.py", line 978, in find_element
    'value': value})['value']
  File "/home/abarroso/.local/lib/python3.6/site-packages/selenium/webdriver/remote/webdriver.py", line 321, in execute
    self.error_handler.check_response(response)
  File "/home/abarroso/.local/lib/python3.6/site-packages/selenium/webdriver/remote/errorhandler.py", line 242, in check_response
    raise exception_class(message, screen, stacktrace)
selenium.common.exceptions.NoSuchElementException: Message: no such element: Unable to locate element: {"method":"xpath","selector":"//div[@id='center_column']/h1"}
  (Session info: chrome=112.0.5615.49)

]]>
</error><system-out>
<![CDATA[
@scenario.begin
  Scenario: Order History
    Given web address "http://automationpractice.pl/index.php" ... passed in 4.205s
    Given login name "allan.barroso@outlook.com" and password newstar1541 ... passed in 1.262s
    When i press the sing in button ... passed in 1.008s
    When i navigate to my account page ... passed in 0.406s
    When i navigate to my order history ... passed in 1.099s
    Then i should be able to see my order history page ... failed in 10.024s

@scenario.end
--------------------------------------------------------------------------------
]]>
</system-out></testcase></testsuite>